# JRE version: OpenJDK Runtime Environment Temurin-17.0.14+7 (17.0.14+7) (build 17.0.14+7)
# Java VM: OpenJDK 64-Bit Server VM Temurin-17.0.14+7 (17.0.14+7, mixed mode, sharing, tiered, compressed oops, compressed class ptrs, g1 gc, windows-amd64)
GC Precious Log:
 CPUs: 12 total, 12 available
 Memory: 7877M
 Large Page Support: Disabled
 NUMA Support: Disabled
 Compressed Oops: Enabled (32-bit)
 Heap Region Size: 1M
 Heap Min Capacity: 8M
 Heap Initial Capacity: 124M
 Heap Max Capacity: 1970M
 Pre-touch: Disabled
 Parallel Workers: 10
 Concurrent Workers: 3
 Concurrent Refinement Workers: 10
 Periodic GC: Disabled
Heap:
 garbage-first heap   total 318464K, used 243200K [0x0000000084e00000, 0x0000000100000000)
  region size 1024K, 95 young (97280K), 15 survivors (15360K)
 Metaspace       used 76177K, committed 76544K, reserved 1179648K
  class space    used 8085K, committed 8256K, reserved 1048576K
GC Heap History (20 events):
Event: 16.217 GC heap before
{Heap before GC invocations=24 (full 0):
 garbage-first heap   total 141312K, used 103270K [0x0000000084e00000, 0x0000000100000000)
  region size 1024K, 36 young (36864K), 1 survivors (1024K)
 Metaspace       used 55795K, committed 56128K, reserved 1114112K
  class space    used 6520K, committed 6656K, reserved 1048576K
}
Event: 16.236 GC heap after
{Heap after GC invocations=25 (full 0):
 garbage-first heap   total 141312K, used 73336K [0x0000000084e00000, 0x0000000100000000)
  region size 1024K, 5 young (5120K), 5 survivors (5120K)
 Metaspace       used 55795K, committed 56128K, reserved 1114112K
  class space    used 6520K, committed 6656K, reserved 1048576K
}
Event: 18.041 GC heap before
{Heap before GC invocations=26 (full 0):
 garbage-first heap   total 141312K, used 105080K [0x0000000084e00000, 0x0000000100000000)
  region size 1024K, 37 young (37888K), 5 survivors (5120K)
 Metaspace       used 56738K, committed 57024K, reserved 1114112K
  class space    used 6575K, committed 6720K, reserved 1048576K
}
Event: 18.068 GC heap after
{Heap after GC invocations=27 (full 0):
 garbage-first heap   total 141312K, used 78183K [0x0000000084e00000, 0x0000000100000000)
  region size 1024K, 5 young (5120K), 5 survivors (5120K)
 Metaspace       used 56738K, committed 57024K, reserved 1114112K
  class space    used 6575K, committed 6720K, reserved 1048576K
}
Event: 18.121 GC heap before
{Heap before GC invocations=27 (full 0):
 garbage-first heap   total 141312K, used 79207K [0x0000000084e00000, 0x0000000100000000)
  region size 1024K, 6 young (6144K), 5 survivors (5120K)
 Metaspace       used 56747K, committed 57024K, reserved 1114112K
  class space    used 6575K, committed 6720K, reserved 1048576K
}
Event: 18.135 GC heap after
{Heap after GC invocations=28 (full 0):
 garbage-first heap   total 141312K, used 78708K [0x0000000084e00000, 0x0000000100000000)
  region size 1024K, 1 young (1024K), 1 survivors (1024K)
 Metaspace       used 56747K, committed 57024K, reserved 1114112K
  class space    used 6575K, committed 6720K, reserved 1048576K
}
Event: 20.225 GC heap before
{Heap before GC invocations=28 (full 0):
 garbage-first heap   total 141312K, used 109428K [0x0000000084e00000, 0x0000000100000000)
  region size 1024K, 31 young (31744K), 1 survivors (1024K)
 Metaspace       used 57677K, committed 57920K, reserved 1114112K
  class space    used 6649K, committed 6784K, reserved 1048576K
}
Event: 20.240 GC heap after
{Heap after GC invocations=29 (full 0):
 garbage-first heap   total 141312K, used 81179K [0x0000000084e00000, 0x0000000100000000)
  region size 1024K, 4 young (4096K), 4 survivors (4096K)
 Metaspace       used 57677K, committed 57920K, reserved 1114112K
  class space    used 6649K, committed 6784K, reserved 1048576K
}
Event: 22.038 GC heap before
{Heap before GC invocations=30 (full 0):
 garbage-first heap   total 141312K, used 110875K [0x0000000084e00000, 0x0000000100000000)
  region size 1024K, 33 young (33792K), 4 survivors (4096K)
 Metaspace       used 58042K, committed 58368K, reserved 1114112K
  class space    used 6659K, committed 6784K, reserved 1048576K
}
Event: 22.056 GC heap after
{Heap after GC invocations=31 (full 0):
 garbage-first heap   total 141312K, used 83973K [0x0000000084e00000, 0x0000000100000000)
  region size 1024K, 3 young (3072K), 3 survivors (3072K)
 Metaspace       used 58042K, committed 58368K, reserved 1114112K
  class space    used 6659K, committed 6784K, reserved 1048576K
}
Event: 22.253 GC heap before
{Heap before GC invocations=31 (full 0):
 garbage-first heap   total 141312K, used 87045K [0x0000000084e00000, 0x0000000100000000)
  region size 1024K, 6 young (6144K), 3 survivors (3072K)
 Metaspace       used 58060K, committed 58368K, reserved 1114112K
  class space    used 6659K, committed 6784K, reserved 1048576K
}
Event: 22.271 GC heap after
{Heap after GC invocations=32 (full 0):
 garbage-first heap   total 318464K, used 84344K [0x0000000084e00000, 0x0000000100000000)
  region size 1024K, 1 young (1024K), 1 survivors (1024K)
 Metaspace       used 58060K, committed 58368K, reserved 1114112K
  class space    used 6659K, committed 6784K, reserved 1048576K
}
Event: 31.013 GC heap before
{Heap before GC invocations=32 (full 0):
 garbage-first heap   total 318464K, used 207224K [0x0000000084e00000, 0x0000000100000000)
  region size 1024K, 121 young (123904K), 1 survivors (1024K)
 Metaspace       used 62809K, committed 63040K, reserved 1114112K
  class space    used 6988K, committed 7104K, reserved 1048576K
}
Event: 31.030 GC heap after
{Heap after GC invocations=33 (full 0):
 garbage-first heap   total 318464K, used 93471K [0x0000000084e00000, 0x0000000100000000)
  region size 1024K, 10 young (10240K), 10 survivors (10240K)
 Metaspace       used 62809K, committed 63040K, reserved 1114112K
  class space    used 6988K, committed 7104K, reserved 1048576K
}
Event: 33.935 GC heap before
{Heap before GC invocations=33 (full 0):
 garbage-first heap   total 318464K, used 225567K [0x0000000084e00000, 0x0000000100000000)
  region size 1024K, 139 young (142336K), 10 survivors (10240K)
 Metaspace       used 63602K, committed 63936K, reserved 1114112K
  class space    used 7022K, committed 7168K, reserved 1048576K
}
Event: 33.973 GC heap after
{Heap after GC invocations=34 (full 0):
 garbage-first heap   total 318464K, used 114890K [0x0000000084e00000, 0x0000000100000000)
  region size 1024K, 18 young (18432K), 18 survivors (18432K)
 Metaspace       used 63602K, committed 63936K, reserved 1114112K
  class space    used 7022K, committed 7168K, reserved 1048576K
}
Event: 38.096 GC heap before
{Heap before GC invocations=34 (full 0):
 garbage-first heap   total 318464K, used 232650K [0x0000000084e00000, 0x0000000100000000)
  region size 1024K, 133 young (136192K), 18 survivors (18432K)
 Metaspace       used 70669K, committed 70976K, reserved 1114112K
  class space    used 7622K, committed 7744K, reserved 1048576K
}
Event: 38.132 GC heap after
{Heap after GC invocations=35 (full 0):
 garbage-first heap   total 318464K, used 137037K [0x0000000084e00000, 0x0000000100000000)
  region size 1024K, 17 young (17408K), 17 survivors (17408K)
 Metaspace       used 70669K, committed 70976K, reserved 1114112K
  class space    used 7622K, committed 7744K, reserved 1048576K
}
Event: 39.766 GC heap before
{Heap before GC invocations=35 (full 0):
 garbage-first heap   total 318464K, used 240461K [0x0000000084e00000, 0x0000000100000000)
  region size 1024K, 118 young (120832K), 17 survivors (17408K)
 Metaspace       used 71219K, committed 71552K, reserved 1114112K
  class space    used 7650K, committed 7808K, reserved 1048576K
}
Event: 39.810 GC heap after
{Heap after GC invocations=36 (full 0):
 garbage-first heap   total 318464K, used 161280K [0x0000000084e00000, 0x0000000100000000)
  region size 1024K, 15 young (15360K), 15 survivors (15360K)
 Metaspace       used 71219K, committed 71552K, reserved 1114112K
  class space    used 7650K, committed 7808K, reserved 1048576K
}

