# JRE version: OpenJDK Runtime Environment Temurin-17.0.14+7 (17.0.14+7) (build 17.0.14+7)
# Java VM: OpenJDK 64-Bit Server VM Temurin-17.0.14+7 (17.0.14+7, mixed mode, sharing, tiered, compressed oops, compressed class ptrs, g1 gc, windows-amd64)
GC Precious Log:
 CPUs: 12 total, 12 available
 Memory: 7877M
 Large Page Support: Disabled
 NUMA Support: Disabled
 Compressed Oops: Enabled (32-bit)
 Heap Region Size: 1M
 Heap Min Capacity: 8M
 Heap Initial Capacity: 124M
 Heap Max Capacity: 1970M
 Pre-touch: Disabled
 Parallel Workers: 10
 Concurrent Workers: 3
 Concurrent Refinement Workers: 10
 Periodic GC: Disabled
Heap:
 garbage-first heap   total 136192K, used 92160K [0x0000000084e00000, 0x0000000100000000)
  region size 1024K, 24 young (24576K), 1 survivors (1024K)
 Metaspace       used 54020K, committed 54272K, reserved 1114112K
  class space    used 6368K, committed 6464K, reserved 1048576K
GC Heap History (20 events):
Event: 17.939 GC heap before
{Heap before GC invocations=13 (full 0):
 garbage-first heap   total 71680K, used 47289K [0x0000000084e00000, 0x0000000100000000)
  region size 1024K, 10 young (10240K), 2 survivors (2048K)
 Metaspace       used 39186K, committed 39424K, reserved 1114112K
  class space    used 4668K, committed 4800K, reserved 1048576K
}
Event: 17.950 GC heap after
{Heap after GC invocations=14 (full 0):
 garbage-first heap   total 71680K, used 41402K [0x0000000084e00000, 0x0000000100000000)
  region size 1024K, 2 young (2048K), 2 survivors (2048K)
 Metaspace       used 39186K, committed 39424K, reserved 1114112K
  class space    used 4668K, committed 4800K, reserved 1048576K
}
Event: 18.207 GC heap before
{Heap before GC invocations=15 (full 0):
 garbage-first heap   total 75776K, used 56762K [0x0000000084e00000, 0x0000000100000000)
  region size 1024K, 16 young (16384K), 2 survivors (2048K)
 Metaspace       used 39257K, committed 39552K, reserved 1114112K
  class space    used 4668K, committed 4800K, reserved 1048576K
}
Event: 18.220 GC heap after
{Heap after GC invocations=16 (full 0):
 garbage-first heap   total 75776K, used 47511K [0x0000000084e00000, 0x0000000100000000)
  region size 1024K, 2 young (2048K), 2 survivors (2048K)
 Metaspace       used 39257K, committed 39552K, reserved 1114112K
  class space    used 4668K, committed 4800K, reserved 1048576K
}
Event: 18.434 GC heap before
{Heap before GC invocations=16 (full 0):
 garbage-first heap   total 75776K, used 57751K [0x0000000084e00000, 0x0000000100000000)
  region size 1024K, 12 young (12288K), 2 survivors (2048K)
 Metaspace       used 39304K, committed 39616K, reserved 1114112K
  class space    used 4668K, committed 4800K, reserved 1048576K
}
Event: 18.446 GC heap after
{Heap after GC invocations=17 (full 0):
 garbage-first heap   total 75776K, used 51606K [0x0000000084e00000, 0x0000000100000000)
  region size 1024K, 2 young (2048K), 2 survivors (2048K)
 Metaspace       used 39304K, committed 39616K, reserved 1114112K
  class space    used 4668K, committed 4800K, reserved 1048576K
}
Event: 18.884 GC heap before
{Heap before GC invocations=18 (full 0):
 garbage-first heap   total 91136K, used 58774K [0x0000000084e00000, 0x0000000100000000)
  region size 1024K, 9 young (9216K), 2 survivors (2048K)
 Metaspace       used 39672K, committed 40000K, reserved 1114112K
  class space    used 4700K, committed 4864K, reserved 1048576K
}
Event: 18.897 GC heap after
{Heap after GC invocations=19 (full 0):
 garbage-first heap   total 91136K, used 53172K [0x0000000084e00000, 0x0000000100000000)
  region size 1024K, 2 young (2048K), 2 survivors (2048K)
 Metaspace       used 39672K, committed 40000K, reserved 1114112K
  class space    used 4700K, committed 4864K, reserved 1048576K
}
Event: 20.505 GC heap before
{Heap before GC invocations=19 (full 0):
 garbage-first heap   total 91136K, used 67508K [0x0000000084e00000, 0x0000000100000000)
  region size 1024K, 16 young (16384K), 2 survivors (2048K)
 Metaspace       used 43138K, committed 43392K, reserved 1114112K
  class space    used 5129K, committed 5248K, reserved 1048576K
}
Event: 20.522 GC heap after
{Heap after GC invocations=20 (full 0):
 garbage-first heap   total 91136K, used 54249K [0x0000000084e00000, 0x0000000100000000)
  region size 1024K, 1 young (1024K), 1 survivors (1024K)
 Metaspace       used 43138K, committed 43392K, reserved 1114112K
  class space    used 5129K, committed 5248K, reserved 1048576K
}
Event: 22.321 GC heap before
{Heap before GC invocations=21 (full 0):
 garbage-first heap   total 94208K, used 69609K [0x0000000084e00000, 0x0000000100000000)
  region size 1024K, 16 young (16384K), 1 survivors (1024K)
 Metaspace       used 46924K, committed 47168K, reserved 1114112K
  class space    used 5643K, committed 5760K, reserved 1048576K
}
Event: 22.332 GC heap after
{Heap after GC invocations=22 (full 0):
 garbage-first heap   total 94208K, used 55906K [0x0000000084e00000, 0x0000000100000000)
  region size 1024K, 2 young (2048K), 2 survivors (2048K)
 Metaspace       used 46924K, committed 47168K, reserved 1114112K
  class space    used 5643K, committed 5760K, reserved 1048576K
}
Event: 22.508 GC heap before
{Heap before GC invocations=22 (full 0):
 garbage-first heap   total 94208K, used 56930K [0x0000000084e00000, 0x0000000100000000)
  region size 1024K, 4 young (4096K), 2 survivors (2048K)
 Metaspace       used 47113K, committed 47360K, reserved 1114112K
  class space    used 5662K, committed 5760K, reserved 1048576K
}
Event: 22.518 GC heap after
{Heap after GC invocations=23 (full 0):
 garbage-first heap   total 94208K, used 56597K [0x0000000084e00000, 0x0000000100000000)
  region size 1024K, 1 young (1024K), 1 survivors (1024K)
 Metaspace       used 47113K, committed 47360K, reserved 1114112K
  class space    used 5662K, committed 5760K, reserved 1048576K
}
Event: 23.514 GC heap before
{Heap before GC invocations=23 (full 0):
 garbage-first heap   total 94208K, used 72981K [0x0000000084e00000, 0x0000000100000000)
  region size 1024K, 17 young (17408K), 1 survivors (1024K)
 Metaspace       used 48212K, committed 48448K, reserved 1114112K
  class space    used 5745K, committed 5888K, reserved 1048576K
}
Event: 23.531 GC heap after
{Heap after GC invocations=24 (full 0):
 garbage-first heap   total 136192K, used 60731K [0x0000000084e00000, 0x0000000100000000)
  region size 1024K, 3 young (3072K), 3 survivors (3072K)
 Metaspace       used 48212K, committed 48448K, reserved 1114112K
  class space    used 5745K, committed 5888K, reserved 1048576K
}
Event: 26.400 GC heap before
{Heap before GC invocations=25 (full 0):
 garbage-first heap   total 136192K, used 100667K [0x0000000084e00000, 0x0000000100000000)
  region size 1024K, 42 young (43008K), 3 survivors (3072K)
 Metaspace       used 50405K, committed 50624K, reserved 1114112K
  class space    used 5997K, committed 6080K, reserved 1048576K
}
Event: 26.434 GC heap after
{Heap after GC invocations=26 (full 0):
 garbage-first heap   total 136192K, used 68940K [0x0000000084e00000, 0x0000000100000000)
  region size 1024K, 6 young (6144K), 6 survivors (6144K)
 Metaspace       used 50405K, committed 50624K, reserved 1114112K
  class space    used 5997K, committed 6080K, reserved 1048576K
}
Event: 26.572 GC heap before
{Heap before GC invocations=26 (full 0):
 garbage-first heap   total 136192K, used 69964K [0x0000000084e00000, 0x0000000100000000)
  region size 1024K, 7 young (7168K), 6 survivors (6144K)
 Metaspace       used 50651K, committed 50880K, reserved 1114112K
  class space    used 6047K, committed 6144K, reserved 1048576K
}
Event: 26.594 GC heap after
{Heap after GC invocations=27 (full 0):
 garbage-first heap   total 136192K, used 69632K [0x0000000084e00000, 0x0000000100000000)
  region size 1024K, 1 young (1024K), 1 survivors (1024K)
 Metaspace       used 50651K, committed 50880K, reserved 1114112K
  class space    used 6047K, committed 6144K, reserved 1048576K
}

