# JRE version: OpenJDK Runtime Environment Temurin-17.0.14+7 (17.0.14+7) (build 17.0.14+7)
# Java VM: OpenJDK 64-Bit Server VM Temurin-17.0.14+7 (17.0.14+7, mixed mode, sharing, tiered, compressed oops, compressed class ptrs, g1 gc, windows-amd64)
GC Precious Log:
 CPUs: 12 total, 12 available
 Memory: 7877M
 Large Page Support: Disabled
 NUMA Support: Disabled
 Compressed Oops: Enabled (32-bit)
 Heap Region Size: 1M
 Heap Min Capacity: 8M
 Heap Initial Capacity: 124M
 Heap Max Capacity: 1970M
 Pre-touch: Disabled
 Parallel Workers: 10
 Concurrent Workers: 3
 Concurrent Refinement Workers: 10
 Periodic GC: Disabled
Heap:
 garbage-first heap   total 281600K, used 137611K [0x0000000084e00000, 0x0000000100000000)
  region size 1024K, 28 young (28672K), 7 survivors (7168K)
 Metaspace       used 82570K, committed 82880K, reserved 1179648K
  class space    used 8669K, committed 8832K, reserved 1048576K
GC Heap History (20 events):
Event: 21.786 GC heap before
{Heap before GC invocations=28 (full 0):
 garbage-first heap   total 140288K, used 109770K [0x0000000084e00000, 0x0000000100000000)
  region size 1024K, 38 young (38912K), 1 survivors (1024K)
 Metaspace       used 57974K, committed 58240K, reserved 1114112K
  class space    used 6704K, committed 6848K, reserved 1048576K
}
Event: 21.798 GC heap after
{Heap after GC invocations=29 (full 0):
 garbage-first heap   total 140288K, used 74503K [0x0000000084e00000, 0x0000000100000000)
  region size 1024K, 4 young (4096K), 4 survivors (4096K)
 Metaspace       used 57974K, committed 58240K, reserved 1114112K
  class space    used 6704K, committed 6848K, reserved 1048576K
}
Event: 24.105 GC heap before
{Heap before GC invocations=30 (full 0):
 garbage-first heap   total 140288K, used 110343K [0x0000000084e00000, 0x0000000100000000)
  region size 1024K, 39 young (39936K), 4 survivors (4096K)
 Metaspace       used 58301K, committed 58560K, reserved 1114112K
  class space    used 6711K, committed 6848K, reserved 1048576K
}
Event: 24.127 GC heap after
{Heap after GC invocations=31 (full 0):
 garbage-first heap   total 140288K, used 79260K [0x0000000084e00000, 0x0000000100000000)
  region size 1024K, 5 young (5120K), 5 survivors (5120K)
 Metaspace       used 58301K, committed 58560K, reserved 1114112K
  class space    used 6711K, committed 6848K, reserved 1048576K
}
Event: 24.189 GC heap before
{Heap before GC invocations=31 (full 0):
 garbage-first heap   total 140288K, used 80284K [0x0000000084e00000, 0x0000000100000000)
  region size 1024K, 6 young (6144K), 5 survivors (5120K)
 Metaspace       used 58304K, committed 58560K, reserved 1114112K
  class space    used 6711K, committed 6848K, reserved 1048576K
}
Event: 24.202 GC heap after
{Heap after GC invocations=32 (full 0):
 garbage-first heap   total 140288K, used 79210K [0x0000000084e00000, 0x0000000100000000)
  region size 1024K, 1 young (1024K), 1 survivors (1024K)
 Metaspace       used 58304K, committed 58560K, reserved 1114112K
  class space    used 6711K, committed 6848K, reserved 1048576K
}
Event: 27.101 GC heap before
{Heap before GC invocations=32 (full 0):
 garbage-first heap   total 140288K, used 111978K [0x0000000084e00000, 0x0000000100000000)
  region size 1024K, 33 young (33792K), 1 survivors (1024K)
 Metaspace       used 61828K, committed 62080K, reserved 1114112K
  class space    used 6998K, committed 7104K, reserved 1048576K
}
Event: 27.112 GC heap after
{Heap after GC invocations=33 (full 0):
 garbage-first heap   total 140288K, used 80196K [0x0000000084e00000, 0x0000000100000000)
  region size 1024K, 2 young (2048K), 2 survivors (2048K)
 Metaspace       used 61828K, committed 62080K, reserved 1114112K
  class space    used 6998K, committed 7104K, reserved 1048576K
}
Event: 30.538 GC heap before
{Heap before GC invocations=34 (full 0):
 garbage-first heap   total 140288K, used 113988K [0x0000000084e00000, 0x0000000100000000)
  region size 1024K, 35 young (35840K), 2 survivors (2048K)
 Metaspace       used 62718K, committed 62976K, reserved 1114112K
  class space    used 7032K, committed 7168K, reserved 1048576K
}
Event: 30.553 GC heap after
{Heap after GC invocations=35 (full 0):
 garbage-first heap   total 140288K, used 80961K [0x0000000084e00000, 0x0000000100000000)
  region size 1024K, 3 young (3072K), 3 survivors (3072K)
 Metaspace       used 62718K, committed 62976K, reserved 1114112K
  class space    used 7032K, committed 7168K, reserved 1048576K
}
Event: 30.668 GC heap before
{Heap before GC invocations=35 (full 0):
 garbage-first heap   total 140288K, used 84033K [0x0000000084e00000, 0x0000000100000000)
  region size 1024K, 6 young (6144K), 3 survivors (3072K)
 Metaspace       used 62822K, committed 63104K, reserved 1114112K
  class space    used 7036K, committed 7168K, reserved 1048576K
}
Event: 30.689 GC heap after
{Heap after GC invocations=36 (full 0):
 garbage-first heap   total 140288K, used 80758K [0x0000000084e00000, 0x0000000100000000)
  region size 1024K, 1 young (1024K), 1 survivors (1024K)
 Metaspace       used 62822K, committed 63104K, reserved 1114112K
  class space    used 7036K, committed 7168K, reserved 1048576K
}
Event: 31.588 GC heap before
{Heap before GC invocations=36 (full 0):
 garbage-first heap   total 140288K, used 115574K [0x0000000084e00000, 0x0000000100000000)
  region size 1024K, 35 young (35840K), 1 survivors (1024K)
 Metaspace       used 63015K, committed 63296K, reserved 1114112K
  class space    used 7037K, committed 7168K, reserved 1048576K
}
Event: 31.611 GC heap after
{Heap after GC invocations=37 (full 0):
 garbage-first heap   total 140288K, used 87717K [0x0000000084e00000, 0x0000000100000000)
  region size 1024K, 5 young (5120K), 5 survivors (5120K)
 Metaspace       used 63015K, committed 63296K, reserved 1114112K
  class space    used 7037K, committed 7168K, reserved 1048576K
}
Event: 32.327 GC heap before
{Heap before GC invocations=37 (full 0):
 garbage-first heap   total 140288K, used 115365K [0x0000000084e00000, 0x0000000100000000)
  region size 1024K, 32 young (32768K), 5 survivors (5120K)
 Metaspace       used 64503K, committed 64768K, reserved 1114112K
  class space    used 7188K, committed 7296K, reserved 1048576K
}
Event: 32.352 GC heap after
{Heap after GC invocations=38 (full 0):
 garbage-first heap   total 281600K, used 92311K [0x0000000084e00000, 0x0000000100000000)
  region size 1024K, 4 young (4096K), 4 survivors (4096K)
 Metaspace       used 64503K, committed 64768K, reserved 1114112K
  class space    used 7188K, committed 7296K, reserved 1048576K
}
Event: 37.210 GC heap before
{Heap before GC invocations=38 (full 0):
 garbage-first heap   total 281600K, used 208023K [0x0000000084e00000, 0x0000000100000000)
  region size 1024K, 117 young (119808K), 4 survivors (4096K)
 Metaspace       used 72735K, committed 73088K, reserved 1179648K
  class space    used 7802K, committed 7936K, reserved 1048576K
}
Event: 37.248 GC heap after
{Heap after GC invocations=39 (full 0):
 garbage-first heap   total 281600K, used 110341K [0x0000000084e00000, 0x0000000100000000)
  region size 1024K, 15 young (15360K), 15 survivors (15360K)
 Metaspace       used 72735K, committed 73088K, reserved 1179648K
  class space    used 7802K, committed 7936K, reserved 1048576K
}
Event: 42.856 GC heap before
{Heap before GC invocations=39 (full 0):
 garbage-first heap   total 281600K, used 194309K [0x0000000084e00000, 0x0000000100000000)
  region size 1024K, 97 young (99328K), 15 survivors (15360K)
 Metaspace       used 82430K, committed 82752K, reserved 1179648K
  class space    used 8669K, committed 8832K, reserved 1048576K
}
Event: 42.873 GC heap after
{Heap after GC invocations=40 (full 0):
 garbage-first heap   total 281600K, used 117131K [0x0000000084e00000, 0x0000000100000000)
  region size 1024K, 7 young (7168K), 7 survivors (7168K)
 Metaspace       used 82430K, committed 82752K, reserved 1179648K
  class space    used 8669K, committed 8832K, reserved 1048576K
}

